<?xml version="1.0" encoding="UTF-8"?>
<!-- Generated by org.testng.reporters.JUnitReportReporter -->
<testsuite hostname="LAPTOP-TLS0ORKP" failures="0" tests="1" name="com.joramforge.initative.Remo" time="0.203" errors="0" timestamp="2021-06-02T07:28:00 IST" skipped="0">
  <testcase classname="com.joramforge.initative.Remo" name="run" time="0.203"/>
</testsuite> <!-- com.joramforge.initative.Remo -->
