<?xml version="1.0" encoding="UTF-8"?>
<!-- Generated by org.testng.reporters.JUnitReportReporter -->
<testsuite hostname="LAPTOP-TLS0ORKP" failures="0" tests="1" name="com.joramforge.initative.Demo" time="0.003" errors="0" timestamp="2021-06-02T07:28:00 IST" skipped="0">
  <testcase classname="com.joramforge.initative.Demo" name="run" time="0.003"/>
</testsuite> <!-- com.joramforge.initative.Demo -->
